[18-Nov-2015 15:52:22 Asia/Tokyo] PHP Strict standards:  Only variables should be passed by reference in /home/ubuntu/workspace/wp-content/plugins/nextgen-gallery/non_pope/class.photocrati_installer.php on line 207
[18-Nov-2015 15:52:22 Asia/Tokyo] PHP Stack trace:
[18-Nov-2015 15:52:22 Asia/Tokyo] PHP   1. {main}() /home/ubuntu/workspace/wp-admin/plugins.php:0
[18-Nov-2015 15:52:22 Asia/Tokyo] PHP   2. require_once() /home/ubuntu/workspace/wp-admin/plugins.php:10
[18-Nov-2015 15:52:22 Asia/Tokyo] PHP   3. require_once() /home/ubuntu/workspace/wp-admin/admin.php:31
[18-Nov-2015 15:52:22 Asia/Tokyo] PHP   4. require_once() /home/ubuntu/workspace/wp-load.php:37
[18-Nov-2015 15:52:22 Asia/Tokyo] PHP   5. require_once() /home/ubuntu/workspace/wp-config.php:92
[18-Nov-2015 15:52:22 Asia/Tokyo] PHP   6. do_action() /home/ubuntu/workspace/wp-settings.php:353
[18-Nov-2015 15:52:22 Asia/Tokyo] PHP   7. call_user_func_array:{/home/ubuntu/workspace/wp-includes/plugin.php:503}() /home/ubuntu/workspace/wp-includes/plugin.php:503
[18-Nov-2015 15:52:22 Asia/Tokyo] PHP   8. C_NextGEN_Bootstrap->update() /home/ubuntu/workspace/wp-includes/plugin.php:503
[18-Nov-2015 15:52:22 Asia/Tokyo] PHP   9. C_Photocrati_Installer::update() /home/ubuntu/workspace/wp-content/plugins/nextgen-gallery/nggallery.php:537
[18-Nov-2015 15:52:22 Asia/Tokyo] PHP Strict standards:  Only variables should be passed by reference in /home/ubuntu/workspace/wp-content/plugins/nextgen-gallery/non_pope/class.photocrati_installer.php on line 207
[18-Nov-2015 15:52:22 Asia/Tokyo] PHP Stack trace:
[18-Nov-2015 15:52:22 Asia/Tokyo] PHP   1. {main}() /home/ubuntu/workspace/wp-admin/plugins.php:0
[18-Nov-2015 15:52:22 Asia/Tokyo] PHP   2. require_once() /home/ubuntu/workspace/wp-admin/plugins.php:10
[18-Nov-2015 15:52:22 Asia/Tokyo] PHP   3. require_once() /home/ubuntu/workspace/wp-admin/admin.php:31
[18-Nov-2015 15:52:22 Asia/Tokyo] PHP   4. require_once() /home/ubuntu/workspace/wp-load.php:37
[18-Nov-2015 15:52:22 Asia/Tokyo] PHP   5. require_once() /home/ubuntu/workspace/wp-config.php:92
[18-Nov-2015 15:52:22 Asia/Tokyo] PHP   6. do_action() /home/ubuntu/workspace/wp-settings.php:353
[18-Nov-2015 15:52:22 Asia/Tokyo] PHP   7. call_user_func_array:{/home/ubuntu/workspace/wp-includes/plugin.php:503}() /home/ubuntu/workspace/wp-includes/plugin.php:503
[18-Nov-2015 15:52:22 Asia/Tokyo] PHP   8. C_NextGEN_Bootstrap->update() /home/ubuntu/workspace/wp-includes/plugin.php:503
[18-Nov-2015 15:52:22 Asia/Tokyo] PHP   9. C_Photocrati_Installer::update() /home/ubuntu/workspace/wp-content/plugins/nextgen-gallery/nggallery.php:537
[18-Nov-2015 15:52:22 Asia/Tokyo] PHP Strict standards:  Only variables should be passed by reference in /home/ubuntu/workspace/wp-content/plugins/nextgen-gallery/non_pope/class.photocrati_installer.php on line 207
[18-Nov-2015 15:52:22 Asia/Tokyo] PHP Stack trace:
[18-Nov-2015 15:52:22 Asia/Tokyo] PHP   1. {main}() /home/ubuntu/workspace/wp-admin/plugins.php:0
[18-Nov-2015 15:52:22 Asia/Tokyo] PHP   2. require_once() /home/ubuntu/workspace/wp-admin/plugins.php:10
[18-Nov-2015 15:52:22 Asia/Tokyo] PHP   3. require_once() /home/ubuntu/workspace/wp-admin/admin.php:31
[18-Nov-2015 15:52:22 Asia/Tokyo] PHP   4. require_once() /home/ubuntu/workspace/wp-load.php:37
[18-Nov-2015 15:52:22 Asia/Tokyo] PHP   5. require_once() /home/ubuntu/workspace/wp-config.php:92
[18-Nov-2015 15:52:22 Asia/Tokyo] PHP   6. do_action() /home/ubuntu/workspace/wp-settings.php:353
[18-Nov-2015 15:52:22 Asia/Tokyo] PHP   7. call_user_func_array:{/home/ubuntu/workspace/wp-includes/plugin.php:503}() /home/ubuntu/workspace/wp-includes/plugin.php:503
[18-Nov-2015 15:52:22 Asia/Tokyo] PHP   8. C_NextGEN_Bootstrap->update() /home/ubuntu/workspace/wp-includes/plugin.php:503
[18-Nov-2015 15:52:22 Asia/Tokyo] PHP   9. C_Photocrati_Installer::update() /home/ubuntu/workspace/wp-content/plugins/nextgen-gallery/nggallery.php:537
[18-Nov-2015 15:52:22 Asia/Tokyo] PHP Strict standards:  Only variables should be passed by reference in /home/ubuntu/workspace/wp-content/plugins/nextgen-gallery/non_pope/class.photocrati_installer.php on line 207
[18-Nov-2015 15:52:22 Asia/Tokyo] PHP Stack trace:
[18-Nov-2015 15:52:22 Asia/Tokyo] PHP   1. {main}() /home/ubuntu/workspace/wp-admin/plugins.php:0
[18-Nov-2015 15:52:22 Asia/Tokyo] PHP   2. require_once() /home/ubuntu/workspace/wp-admin/plugins.php:10
[18-Nov-2015 15:52:22 Asia/Tokyo] PHP   3. require_once() /home/ubuntu/workspace/wp-admin/admin.php:31
[18-Nov-2015 15:52:22 Asia/Tokyo] PHP   4. require_once() /home/ubuntu/workspace/wp-load.php:37
[18-Nov-2015 15:52:22 Asia/Tokyo] PHP   5. require_once() /home/ubuntu/workspace/wp-config.php:92
[18-Nov-2015 15:52:22 Asia/Tokyo] PHP   6. do_action() /home/ubuntu/workspace/wp-settings.php:353
[18-Nov-2015 15:52:22 Asia/Tokyo] PHP   7. call_user_func_array:{/home/ubuntu/workspace/wp-includes/plugin.php:503}() /home/ubuntu/workspace/wp-includes/plugin.php:503
[18-Nov-2015 15:52:22 Asia/Tokyo] PHP   8. C_NextGEN_Bootstrap->update() /home/ubuntu/workspace/wp-includes/plugin.php:503
[18-Nov-2015 15:52:22 Asia/Tokyo] PHP   9. C_Photocrati_Installer::update() /home/ubuntu/workspace/wp-content/plugins/nextgen-gallery/nggallery.php:537
[18-Nov-2015 15:52:22 Asia/Tokyo] PHP Strict standards:  Only variables should be passed by reference in /home/ubuntu/workspace/wp-content/plugins/nextgen-gallery/non_pope/class.photocrati_installer.php on line 207
[18-Nov-2015 15:52:22 Asia/Tokyo] PHP Stack trace:
[18-Nov-2015 15:52:22 Asia/Tokyo] PHP   1. {main}() /home/ubuntu/workspace/wp-admin/plugins.php:0
[18-Nov-2015 15:52:22 Asia/Tokyo] PHP   2. require_once() /home/ubuntu/workspace/wp-admin/plugins.php:10
[18-Nov-2015 15:52:22 Asia/Tokyo] PHP   3. require_once() /home/ubuntu/workspace/wp-admin/admin.php:31
[18-Nov-2015 15:52:22 Asia/Tokyo] PHP   4. require_once() /home/ubuntu/workspace/wp-load.php:37
[18-Nov-2015 15:52:22 Asia/Tokyo] PHP   5. require_once() /home/ubuntu/workspace/wp-config.php:92
[18-Nov-2015 15:52:22 Asia/Tokyo] PHP   6. do_action() /home/ubuntu/workspace/wp-settings.php:353
[18-Nov-2015 15:52:22 Asia/Tokyo] PHP   7. call_user_func_array:{/home/ubuntu/workspace/wp-includes/plugin.php:503}() /home/ubuntu/workspace/wp-includes/plugin.php:503
[18-Nov-2015 15:52:22 Asia/Tokyo] PHP   8. C_NextGEN_Bootstrap->update() /home/ubuntu/workspace/wp-includes/plugin.php:503
[18-Nov-2015 15:52:22 Asia/Tokyo] PHP   9. C_Photocrati_Installer::update() /home/ubuntu/workspace/wp-content/plugins/nextgen-gallery/nggallery.php:537
[18-Nov-2015 15:52:22 Asia/Tokyo] PHP Strict standards:  Only variables should be passed by reference in /home/ubuntu/workspace/wp-content/plugins/nextgen-gallery/non_pope/class.photocrati_installer.php on line 207
[18-Nov-2015 15:52:22 Asia/Tokyo] PHP Stack trace:
[18-Nov-2015 15:52:22 Asia/Tokyo] PHP   1. {main}() /home/ubuntu/workspace/wp-admin/plugins.php:0
[18-Nov-2015 15:52:22 Asia/Tokyo] PHP   2. require_once() /home/ubuntu/workspace/wp-admin/plugins.php:10
[18-Nov-2015 15:52:22 Asia/Tokyo] PHP   3. require_once() /home/ubuntu/workspace/wp-admin/admin.php:31
[18-Nov-2015 15:52:22 Asia/Tokyo] PHP   4. require_once() /home/ubuntu/workspace/wp-load.php:37
[18-Nov-2015 15:52:22 Asia/Tokyo] PHP   5. require_once() /home/ubuntu/workspace/wp-config.php:92
[18-Nov-2015 15:52:22 Asia/Tokyo] PHP   6. do_action() /home/ubuntu/workspace/wp-settings.php:353
[18-Nov-2015 15:52:22 Asia/Tokyo] PHP   7. call_user_func_array:{/home/ubuntu/workspace/wp-includes/plugin.php:503}() /home/ubuntu/workspace/wp-includes/plugin.php:503
[18-Nov-2015 15:52:22 Asia/Tokyo] PHP   8. C_NextGEN_Bootstrap->update() /home/ubuntu/workspace/wp-includes/plugin.php:503
[18-Nov-2015 15:52:22 Asia/Tokyo] PHP   9. C_Photocrati_Installer::update() /home/ubuntu/workspace/wp-content/plugins/nextgen-gallery/nggallery.php:537
[18-Nov-2015 15:52:22 Asia/Tokyo] PHP Strict standards:  Only variables should be passed by reference in /home/ubuntu/workspace/wp-content/plugins/nextgen-gallery/non_pope/class.photocrati_installer.php on line 207
[18-Nov-2015 15:52:22 Asia/Tokyo] PHP Stack trace:
[18-Nov-2015 15:52:22 Asia/Tokyo] PHP   1. {main}() /home/ubuntu/workspace/wp-admin/plugins.php:0
[18-Nov-2015 15:52:22 Asia/Tokyo] PHP   2. require_once() /home/ubuntu/workspace/wp-admin/plugins.php:10
[18-Nov-2015 15:52:22 Asia/Tokyo] PHP   3. require_once() /home/ubuntu/workspace/wp-admin/admin.php:31
[18-Nov-2015 15:52:22 Asia/Tokyo] PHP   4. require_once() /home/ubuntu/workspace/wp-load.php:37
[18-Nov-2015 15:52:22 Asia/Tokyo] PHP   5. require_once() /home/ubuntu/workspace/wp-config.php:92
[18-Nov-2015 15:52:22 Asia/Tokyo] PHP   6. do_action() /home/ubuntu/workspace/wp-settings.php:353
[18-Nov-2015 15:52:22 Asia/Tokyo] PHP   7. call_user_func_array:{/home/ubuntu/workspace/wp-includes/plugin.php:503}() /home/ubuntu/workspace/wp-includes/plugin.php:503
[18-Nov-2015 15:52:22 Asia/Tokyo] PHP   8. C_NextGEN_Bootstrap->update() /home/ubuntu/workspace/wp-includes/plugin.php:503
[18-Nov-2015 15:52:22 Asia/Tokyo] PHP   9. C_Photocrati_Installer::update() /home/ubuntu/workspace/wp-content/plugins/nextgen-gallery/nggallery.php:537
[18-Nov-2015 15:52:22 Asia/Tokyo] PHP Strict standards:  Only variables should be passed by reference in /home/ubuntu/workspace/wp-content/plugins/nextgen-gallery/non_pope/class.photocrati_installer.php on line 207
[18-Nov-2015 15:52:22 Asia/Tokyo] PHP Stack trace:
[18-Nov-2015 15:52:22 Asia/Tokyo] PHP   1. {main}() /home/ubuntu/workspace/wp-admin/plugins.php:0
[18-Nov-2015 15:52:22 Asia/Tokyo] PHP   2. require_once() /home/ubuntu/workspace/wp-admin/plugins.php:10
[18-Nov-2015 15:52:22 Asia/Tokyo] PHP   3. require_once() /home/ubuntu/workspace/wp-admin/admin.php:31
[18-Nov-2015 15:52:22 Asia/Tokyo] PHP   4. require_once() /home/ubuntu/workspace/wp-load.php:37
[18-Nov-2015 15:52:22 Asia/Tokyo] PHP   5. require_once() /home/ubuntu/workspace/wp-config.php:92
[18-Nov-2015 15:52:22 Asia/Tokyo] PHP   6. do_action() /home/ubuntu/workspace/wp-settings.php:353
[18-Nov-2015 15:52:22 Asia/Tokyo] PHP   7. call_user_func_array:{/home/ubuntu/workspace/wp-includes/plugin.php:503}() /home/ubuntu/workspace/wp-includes/plugin.php:503
[18-Nov-2015 15:52:22 Asia/Tokyo] PHP   8. C_NextGEN_Bootstrap->update() /home/ubuntu/workspace/wp-includes/plugin.php:503
[18-Nov-2015 15:52:22 Asia/Tokyo] PHP   9. C_Photocrati_Installer::update() /home/ubuntu/workspace/wp-content/plugins/nextgen-gallery/nggallery.php:537
[18-Nov-2015 15:52:22 Asia/Tokyo] PHP Strict standards:  Only variables should be passed by reference in /home/ubuntu/workspace/wp-content/plugins/nextgen-gallery/non_pope/class.photocrati_installer.php on line 207
[18-Nov-2015 15:52:22 Asia/Tokyo] PHP Stack trace:
[18-Nov-2015 15:52:22 Asia/Tokyo] PHP   1. {main}() /home/ubuntu/workspace/wp-admin/plugins.php:0
[18-Nov-2015 15:52:22 Asia/Tokyo] PHP   2. require_once() /home/ubuntu/workspace/wp-admin/plugins.php:10
[18-Nov-2015 15:52:22 Asia/Tokyo] PHP   3. require_once() /home/ubuntu/workspace/wp-admin/admin.php:31
[18-Nov-2015 15:52:22 Asia/Tokyo] PHP   4. require_once() /home/ubuntu/workspace/wp-load.php:37
[18-Nov-2015 15:52:22 Asia/Tokyo] PHP   5. require_once() /home/ubuntu/workspace/wp-config.php:92
[18-Nov-2015 15:52:22 Asia/Tokyo] PHP   6. do_action() /home/ubuntu/workspace/wp-settings.php:353
[18-Nov-2015 15:52:22 Asia/Tokyo] PHP   7. call_user_func_array:{/home/ubuntu/workspace/wp-includes/plugin.php:503}() /home/ubuntu/workspace/wp-includes/plugin.php:503
[18-Nov-2015 15:52:22 Asia/Tokyo] PHP   8. C_NextGEN_Bootstrap->update() /home/ubuntu/workspace/wp-includes/plugin.php:503
[18-Nov-2015 15:52:22 Asia/Tokyo] PHP   9. C_Photocrati_Installer::update() /home/ubuntu/workspace/wp-content/plugins/nextgen-gallery/nggallery.php:537
[18-Nov-2015 15:52:22 Asia/Tokyo] PHP Strict standards:  Only variables should be passed by reference in /home/ubuntu/workspace/wp-content/plugins/nextgen-gallery/non_pope/class.photocrati_installer.php on line 207
[18-Nov-2015 15:52:22 Asia/Tokyo] PHP Stack trace:
[18-Nov-2015 15:52:22 Asia/Tokyo] PHP   1. {main}() /home/ubuntu/workspace/wp-admin/plugins.php:0
[18-Nov-2015 15:52:22 Asia/Tokyo] PHP   2. require_once() /home/ubuntu/workspace/wp-admin/plugins.php:10
[18-Nov-2015 15:52:22 Asia/Tokyo] PHP   3. require_once() /home/ubuntu/workspace/wp-admin/admin.php:31
[18-Nov-2015 15:52:22 Asia/Tokyo] PHP   4. require_once() /home/ubuntu/workspace/wp-load.php:37
[18-Nov-2015 15:52:22 Asia/Tokyo] PHP   5. require_once() /home/ubuntu/workspace/wp-config.php:92
[18-Nov-2015 15:52:22 Asia/Tokyo] PHP   6. do_action() /home/ubuntu/workspace/wp-settings.php:353
[18-Nov-2015 15:52:22 Asia/Tokyo] PHP   7. call_user_func_array:{/home/ubuntu/workspace/wp-includes/plugin.php:503}() /home/ubuntu/workspace/wp-includes/plugin.php:503
[18-Nov-2015 15:52:22 Asia/Tokyo] PHP   8. C_NextGEN_Bootstrap->update() /home/ubuntu/workspace/wp-includes/plugin.php:503
[18-Nov-2015 15:52:22 Asia/Tokyo] PHP   9. C_Photocrati_Installer::update() /home/ubuntu/workspace/wp-content/plugins/nextgen-gallery/nggallery.php:537
[18-Nov-2015 15:52:22 Asia/Tokyo] PHP Strict standards:  Only variables should be passed by reference in /home/ubuntu/workspace/wp-content/plugins/nextgen-gallery/non_pope/class.photocrati_installer.php on line 207
[18-Nov-2015 15:52:22 Asia/Tokyo] PHP Stack trace:
[18-Nov-2015 15:52:22 Asia/Tokyo] PHP   1. {main}() /home/ubuntu/workspace/wp-admin/plugins.php:0
[18-Nov-2015 15:52:22 Asia/Tokyo] PHP   2. require_once() /home/ubuntu/workspace/wp-admin/plugins.php:10
[18-Nov-2015 15:52:22 Asia/Tokyo] PHP   3. require_once() /home/ubuntu/workspace/wp-admin/admin.php:31
[18-Nov-2015 15:52:22 Asia/Tokyo] PHP   4. require_once() /home/ubuntu/workspace/wp-load.php:37
[18-Nov-2015 15:52:22 Asia/Tokyo] PHP   5. require_once() /home/ubuntu/workspace/wp-config.php:92
[18-Nov-2015 15:52:22 Asia/Tokyo] PHP   6. do_action() /home/ubuntu/workspace/wp-settings.php:353
[18-Nov-2015 15:52:22 Asia/Tokyo] PHP   7. call_user_func_array:{/home/ubuntu/workspace/wp-includes/plugin.php:503}() /home/ubuntu/workspace/wp-includes/plugin.php:503
[18-Nov-2015 15:52:22 Asia/Tokyo] PHP   8. C_NextGEN_Bootstrap->update() /home/ubuntu/workspace/wp-includes/plugin.php:503
[18-Nov-2015 15:52:22 Asia/Tokyo] PHP   9. C_Photocrati_Installer::update() /home/ubuntu/workspace/wp-content/plugins/nextgen-gallery/nggallery.php:537
[18-Nov-2015 15:52:22 Asia/Tokyo] PHP Strict standards:  Only variables should be passed by reference in /home/ubuntu/workspace/wp-content/plugins/nextgen-gallery/non_pope/class.photocrati_installer.php on line 207
[18-Nov-2015 15:52:22 Asia/Tokyo] PHP Stack trace:
[18-Nov-2015 15:52:22 Asia/Tokyo] PHP   1. {main}() /home/ubuntu/workspace/wp-admin/plugins.php:0
[18-Nov-2015 15:52:22 Asia/Tokyo] PHP   2. require_once() /home/ubuntu/workspace/wp-admin/plugins.php:10
[18-Nov-2015 15:52:22 Asia/Tokyo] PHP   3. require_once() /home/ubuntu/workspace/wp-admin/admin.php:31
[18-Nov-2015 15:52:22 Asia/Tokyo] PHP   4. require_once() /home/ubuntu/workspace/wp-load.php:37
[18-Nov-2015 15:52:22 Asia/Tokyo] PHP   5. require_once() /home/ubuntu/workspace/wp-config.php:92
[18-Nov-2015 15:52:22 Asia/Tokyo] PHP   6. do_action() /home/ubuntu/workspace/wp-settings.php:353
[18-Nov-2015 15:52:22 Asia/Tokyo] PHP   7. call_user_func_array:{/home/ubuntu/workspace/wp-includes/plugin.php:503}() /home/ubuntu/workspace/wp-includes/plugin.php:503
[18-Nov-2015 15:52:22 Asia/Tokyo] PHP   8. C_NextGEN_Bootstrap->update() /home/ubuntu/workspace/wp-includes/plugin.php:503
[18-Nov-2015 15:52:22 Asia/Tokyo] PHP   9. C_Photocrati_Installer::update() /home/ubuntu/workspace/wp-content/plugins/nextgen-gallery/nggallery.php:537
[18-Nov-2015 15:52:22 Asia/Tokyo] PHP Strict standards:  Only variables should be passed by reference in /home/ubuntu/workspace/wp-content/plugins/nextgen-gallery/non_pope/class.photocrati_installer.php on line 207
[18-Nov-2015 15:52:22 Asia/Tokyo] PHP Stack trace:
[18-Nov-2015 15:52:22 Asia/Tokyo] PHP   1. {main}() /home/ubuntu/workspace/wp-admin/plugins.php:0
[18-Nov-2015 15:52:22 Asia/Tokyo] PHP   2. require_once() /home/ubuntu/workspace/wp-admin/plugins.php:10
[18-Nov-2015 15:52:22 Asia/Tokyo] PHP   3. require_once() /home/ubuntu/workspace/wp-admin/admin.php:31
[18-Nov-2015 15:52:22 Asia/Tokyo] PHP   4. require_once() /home/ubuntu/workspace/wp-load.php:37
[18-Nov-2015 15:52:22 Asia/Tokyo] PHP   5. require_once() /home/ubuntu/workspace/wp-config.php:92
[18-Nov-2015 15:52:22 Asia/Tokyo] PHP   6. do_action() /home/ubuntu/workspace/wp-settings.php:353
[18-Nov-2015 15:52:22 Asia/Tokyo] PHP   7. call_user_func_array:{/home/ubuntu/workspace/wp-includes/plugin.php:503}() /home/ubuntu/workspace/wp-includes/plugin.php:503
[18-Nov-2015 15:52:22 Asia/Tokyo] PHP   8. C_NextGEN_Bootstrap->update() /home/ubuntu/workspace/wp-includes/plugin.php:503
[18-Nov-2015 15:52:22 Asia/Tokyo] PHP   9. C_Photocrati_Installer::update() /home/ubuntu/workspace/wp-content/plugins/nextgen-gallery/nggallery.php:537
[18-Nov-2015 15:52:22 Asia/Tokyo] PHP Strict standards:  Only variables should be passed by reference in /home/ubuntu/workspace/wp-content/plugins/nextgen-gallery/non_pope/class.photocrati_installer.php on line 207
[18-Nov-2015 15:52:22 Asia/Tokyo] PHP Stack trace:
[18-Nov-2015 15:52:22 Asia/Tokyo] PHP   1. {main}() /home/ubuntu/workspace/wp-admin/plugins.php:0
[18-Nov-2015 15:52:22 Asia/Tokyo] PHP   2. require_once() /home/ubuntu/workspace/wp-admin/plugins.php:10
[18-Nov-2015 15:52:22 Asia/Tokyo] PHP   3. require_once() /home/ubuntu/workspace/wp-admin/admin.php:31
[18-Nov-2015 15:52:22 Asia/Tokyo] PHP   4. require_once() /home/ubuntu/workspace/wp-load.php:37
[18-Nov-2015 15:52:22 Asia/Tokyo] PHP   5. require_once() /home/ubuntu/workspace/wp-config.php:92
[18-Nov-2015 15:52:22 Asia/Tokyo] PHP   6. do_action() /home/ubuntu/workspace/wp-settings.php:353
[18-Nov-2015 15:52:22 Asia/Tokyo] PHP   7. call_user_func_array:{/home/ubuntu/workspace/wp-includes/plugin.php:503}() /home/ubuntu/workspace/wp-includes/plugin.php:503
[18-Nov-2015 15:52:22 Asia/Tokyo] PHP   8. C_NextGEN_Bootstrap->update() /home/ubuntu/workspace/wp-includes/plugin.php:503
[18-Nov-2015 15:52:22 Asia/Tokyo] PHP   9. C_Photocrati_Installer::update() /home/ubuntu/workspace/wp-content/plugins/nextgen-gallery/nggallery.php:537
[18-Nov-2015 15:52:22 Asia/Tokyo] PHP Strict standards:  Only variables should be passed by reference in /home/ubuntu/workspace/wp-content/plugins/nextgen-gallery/non_pope/class.photocrati_installer.php on line 207
[18-Nov-2015 15:52:22 Asia/Tokyo] PHP Stack trace:
[18-Nov-2015 15:52:22 Asia/Tokyo] PHP   1. {main}() /home/ubuntu/workspace/wp-admin/plugins.php:0
[18-Nov-2015 15:52:22 Asia/Tokyo] PHP   2. require_once() /home/ubuntu/workspace/wp-admin/plugins.php:10
[18-Nov-2015 15:52:22 Asia/Tokyo] PHP   3. require_once() /home/ubuntu/workspace/wp-admin/admin.php:31
[18-Nov-2015 15:52:22 Asia/Tokyo] PHP   4. require_once() /home/ubuntu/workspace/wp-load.php:37
[18-Nov-2015 15:52:22 Asia/Tokyo] PHP   5. require_once() /home/ubuntu/workspace/wp-config.php:92
[18-Nov-2015 15:52:22 Asia/Tokyo] PHP   6. do_action() /home/ubuntu/workspace/wp-settings.php:353
[18-Nov-2015 15:52:22 Asia/Tokyo] PHP   7. call_user_func_array:{/home/ubuntu/workspace/wp-includes/plugin.php:503}() /home/ubuntu/workspace/wp-includes/plugin.php:503
[18-Nov-2015 15:52:22 Asia/Tokyo] PHP   8. C_NextGEN_Bootstrap->update() /home/ubuntu/workspace/wp-includes/plugin.php:503
[18-Nov-2015 15:52:22 Asia/Tokyo] PHP   9. C_Photocrati_Installer::update() /home/ubuntu/workspace/wp-content/plugins/nextgen-gallery/nggallery.php:537
[18-Nov-2015 15:52:22 Asia/Tokyo] PHP Strict standards:  Only variables should be passed by reference in /home/ubuntu/workspace/wp-content/plugins/nextgen-gallery/non_pope/class.photocrati_installer.php on line 207
[18-Nov-2015 15:52:22 Asia/Tokyo] PHP Stack trace:
[18-Nov-2015 15:52:22 Asia/Tokyo] PHP   1. {main}() /home/ubuntu/workspace/wp-admin/plugins.php:0
[18-Nov-2015 15:52:22 Asia/Tokyo] PHP   2. require_once() /home/ubuntu/workspace/wp-admin/plugins.php:10
[18-Nov-2015 15:52:22 Asia/Tokyo] PHP   3. require_once() /home/ubuntu/workspace/wp-admin/admin.php:31
[18-Nov-2015 15:52:22 Asia/Tokyo] PHP   4. require_once() /home/ubuntu/workspace/wp-load.php:37
[18-Nov-2015 15:52:22 Asia/Tokyo] PHP   5. require_once() /home/ubuntu/workspace/wp-config.php:92
[18-Nov-2015 15:52:22 Asia/Tokyo] PHP   6. do_action() /home/ubuntu/workspace/wp-settings.php:353
[18-Nov-2015 15:52:22 Asia/Tokyo] PHP   7. call_user_func_array:{/home/ubuntu/workspace/wp-includes/plugin.php:503}() /home/ubuntu/workspace/wp-includes/plugin.php:503
[18-Nov-2015 15:52:22 Asia/Tokyo] PHP   8. C_NextGEN_Bootstrap->update() /home/ubuntu/workspace/wp-includes/plugin.php:503
[18-Nov-2015 15:52:22 Asia/Tokyo] PHP   9. C_Photocrati_Installer::update() /home/ubuntu/workspace/wp-content/plugins/nextgen-gallery/nggallery.php:537
[18-Nov-2015 15:52:22 Asia/Tokyo] PHP Strict standards:  Only variables should be passed by reference in /home/ubuntu/workspace/wp-content/plugins/nextgen-gallery/non_pope/class.photocrati_installer.php on line 207
[18-Nov-2015 15:52:22 Asia/Tokyo] PHP Stack trace:
[18-Nov-2015 15:52:22 Asia/Tokyo] PHP   1. {main}() /home/ubuntu/workspace/wp-admin/plugins.php:0
[18-Nov-2015 15:52:22 Asia/Tokyo] PHP   2. require_once() /home/ubuntu/workspace/wp-admin/plugins.php:10
[18-Nov-2015 15:52:22 Asia/Tokyo] PHP   3. require_once() /home/ubuntu/workspace/wp-admin/admin.php:31
[18-Nov-2015 15:52:22 Asia/Tokyo] PHP   4. require_once() /home/ubuntu/workspace/wp-load.php:37
[18-Nov-2015 15:52:22 Asia/Tokyo] PHP   5. require_once() /home/ubuntu/workspace/wp-config.php:92
[18-Nov-2015 15:52:22 Asia/Tokyo] PHP   6. do_action() /home/ubuntu/workspace/wp-settings.php:353
[18-Nov-2015 15:52:22 Asia/Tokyo] PHP   7. call_user_func_array:{/home/ubuntu/workspace/wp-includes/plugin.php:503}() /home/ubuntu/workspace/wp-includes/plugin.php:503
[18-Nov-2015 15:52:22 Asia/Tokyo] PHP   8. C_NextGEN_Bootstrap->update() /home/ubuntu/workspace/wp-includes/plugin.php:503
[18-Nov-2015 15:52:22 Asia/Tokyo] PHP   9. C_Photocrati_Installer::update() /home/ubuntu/workspace/wp-content/plugins/nextgen-gallery/nggallery.php:537
[18-Nov-2015 15:52:22 Asia/Tokyo] PHP Strict standards:  Only variables should be passed by reference in /home/ubuntu/workspace/wp-content/plugins/nextgen-gallery/non_pope/class.photocrati_installer.php on line 207
[18-Nov-2015 15:52:22 Asia/Tokyo] PHP Stack trace:
[18-Nov-2015 15:52:22 Asia/Tokyo] PHP   1. {main}() /home/ubuntu/workspace/wp-admin/plugins.php:0
[18-Nov-2015 15:52:22 Asia/Tokyo] PHP   2. require_once() /home/ubuntu/workspace/wp-admin/plugins.php:10
[18-Nov-2015 15:52:22 Asia/Tokyo] PHP   3. require_once() /home/ubuntu/workspace/wp-admin/admin.php:31
[18-Nov-2015 15:52:22 Asia/Tokyo] PHP   4. require_once() /home/ubuntu/workspace/wp-load.php:37
[18-Nov-2015 15:52:22 Asia/Tokyo] PHP   5. require_once() /home/ubuntu/workspace/wp-config.php:92
[18-Nov-2015 15:52:22 Asia/Tokyo] PHP   6. do_action() /home/ubuntu/workspace/wp-settings.php:353
[18-Nov-2015 15:52:22 Asia/Tokyo] PHP   7. call_user_func_array:{/home/ubuntu/workspace/wp-includes/plugin.php:503}() /home/ubuntu/workspace/wp-includes/plugin.php:503
[18-Nov-2015 15:52:22 Asia/Tokyo] PHP   8. C_NextGEN_Bootstrap->update() /home/ubuntu/workspace/wp-includes/plugin.php:503
[18-Nov-2015 15:52:22 Asia/Tokyo] PHP   9. C_Photocrati_Installer::update() /home/ubuntu/workspace/wp-content/plugins/nextgen-gallery/nggallery.php:537
[18-Nov-2015 15:52:22 Asia/Tokyo] PHP Strict standards:  Only variables should be passed by reference in /home/ubuntu/workspace/wp-content/plugins/nextgen-gallery/non_pope/class.photocrati_installer.php on line 207
[18-Nov-2015 15:52:22 Asia/Tokyo] PHP Stack trace:
[18-Nov-2015 15:52:22 Asia/Tokyo] PHP   1. {main}() /home/ubuntu/workspace/wp-admin/plugins.php:0
[18-Nov-2015 15:52:22 Asia/Tokyo] PHP   2. require_once() /home/ubuntu/workspace/wp-admin/plugins.php:10
[18-Nov-2015 15:52:22 Asia/Tokyo] PHP   3. require_once() /home/ubuntu/workspace/wp-admin/admin.php:31
[18-Nov-2015 15:52:22 Asia/Tokyo] PHP   4. require_once() /home/ubuntu/workspace/wp-load.php:37
[18-Nov-2015 15:52:22 Asia/Tokyo] PHP   5. require_once() /home/ubuntu/workspace/wp-config.php:92
[18-Nov-2015 15:52:22 Asia/Tokyo] PHP   6. do_action() /home/ubuntu/workspace/wp-settings.php:353
[18-Nov-2015 15:52:22 Asia/Tokyo] PHP   7. call_user_func_array:{/home/ubuntu/workspace/wp-includes/plugin.php:503}() /home/ubuntu/workspace/wp-includes/plugin.php:503
[18-Nov-2015 15:52:22 Asia/Tokyo] PHP   8. C_NextGEN_Bootstrap->update() /home/ubuntu/workspace/wp-includes/plugin.php:503
[18-Nov-2015 15:52:22 Asia/Tokyo] PHP   9. C_Photocrati_Installer::update() /home/ubuntu/workspace/wp-content/plugins/nextgen-gallery/nggallery.php:537
[18-Nov-2015 15:52:22 Asia/Tokyo] PHP Strict standards:  Only variables should be passed by reference in /home/ubuntu/workspace/wp-content/plugins/nextgen-gallery/non_pope/class.photocrati_installer.php on line 207
[18-Nov-2015 15:52:22 Asia/Tokyo] PHP Stack trace:
[18-Nov-2015 15:52:22 Asia/Tokyo] PHP   1. {main}() /home/ubuntu/workspace/wp-admin/plugins.php:0
[18-Nov-2015 15:52:22 Asia/Tokyo] PHP   2. require_once() /home/ubuntu/workspace/wp-admin/plugins.php:10
[18-Nov-2015 15:52:22 Asia/Tokyo] PHP   3. require_once() /home/ubuntu/workspace/wp-admin/admin.php:31
[18-Nov-2015 15:52:22 Asia/Tokyo] PHP   4. require_once() /home/ubuntu/workspace/wp-load.php:37
[18-Nov-2015 15:52:22 Asia/Tokyo] PHP   5. require_once() /home/ubuntu/workspace/wp-config.php:92
[18-Nov-2015 15:52:22 Asia/Tokyo] PHP   6. do_action() /home/ubuntu/workspace/wp-settings.php:353
[18-Nov-2015 15:52:22 Asia/Tokyo] PHP   7. call_user_func_array:{/home/ubuntu/workspace/wp-includes/plugin.php:503}() /home/ubuntu/workspace/wp-includes/plugin.php:503
[18-Nov-2015 15:52:22 Asia/Tokyo] PHP   8. C_NextGEN_Bootstrap->update() /home/ubuntu/workspace/wp-includes/plugin.php:503
[18-Nov-2015 15:52:22 Asia/Tokyo] PHP   9. C_Photocrati_Installer::update() /home/ubuntu/workspace/wp-content/plugins/nextgen-gallery/nggallery.php:537
[18-Nov-2015 15:52:22 Asia/Tokyo] PHP Strict standards:  Only variables should be passed by reference in /home/ubuntu/workspace/wp-content/plugins/nextgen-gallery/non_pope/class.photocrati_installer.php on line 207
[18-Nov-2015 15:52:22 Asia/Tokyo] PHP Stack trace:
[18-Nov-2015 15:52:22 Asia/Tokyo] PHP   1. {main}() /home/ubuntu/workspace/wp-admin/plugins.php:0
[18-Nov-2015 15:52:22 Asia/Tokyo] PHP   2. require_once() /home/ubuntu/workspace/wp-admin/plugins.php:10
[18-Nov-2015 15:52:22 Asia/Tokyo] PHP   3. require_once() /home/ubuntu/workspace/wp-admin/admin.php:31
[18-Nov-2015 15:52:22 Asia/Tokyo] PHP   4. require_once() /home/ubuntu/workspace/wp-load.php:37
[18-Nov-2015 15:52:22 Asia/Tokyo] PHP   5. require_once() /home/ubuntu/workspace/wp-config.php:92
[18-Nov-2015 15:52:22 Asia/Tokyo] PHP   6. do_action() /home/ubuntu/workspace/wp-settings.php:353
[18-Nov-2015 15:52:22 Asia/Tokyo] PHP   7. call_user_func_array:{/home/ubuntu/workspace/wp-includes/plugin.php:503}() /home/ubuntu/workspace/wp-includes/plugin.php:503
[18-Nov-2015 15:52:22 Asia/Tokyo] PHP   8. C_NextGEN_Bootstrap->update() /home/ubuntu/workspace/wp-includes/plugin.php:503
[18-Nov-2015 15:52:22 Asia/Tokyo] PHP   9. C_Photocrati_Installer::update() /home/ubuntu/workspace/wp-content/plugins/nextgen-gallery/nggallery.php:537
[18-Nov-2015 15:52:22 Asia/Tokyo] PHP Strict standards:  Only variables should be passed by reference in /home/ubuntu/workspace/wp-content/plugins/nextgen-gallery/non_pope/class.photocrati_installer.php on line 207
[18-Nov-2015 15:52:22 Asia/Tokyo] PHP Stack trace:
[18-Nov-2015 15:52:22 Asia/Tokyo] PHP   1. {main}() /home/ubuntu/workspace/wp-admin/plugins.php:0
[18-Nov-2015 15:52:22 Asia/Tokyo] PHP   2. require_once() /home/ubuntu/workspace/wp-admin/plugins.php:10
[18-Nov-2015 15:52:22 Asia/Tokyo] PHP   3. require_once() /home/ubuntu/workspace/wp-admin/admin.php:31
[18-Nov-2015 15:52:22 Asia/Tokyo] PHP   4. require_once() /home/ubuntu/workspace/wp-load.php:37
[18-Nov-2015 15:52:22 Asia/Tokyo] PHP   5. require_once() /home/ubuntu/workspace/wp-config.php:92
[18-Nov-2015 15:52:22 Asia/Tokyo] PHP   6. do_action() /home/ubuntu/workspace/wp-settings.php:353
[18-Nov-2015 15:52:22 Asia/Tokyo] PHP   7. call_user_func_array:{/home/ubuntu/workspace/wp-includes/plugin.php:503}() /home/ubuntu/workspace/wp-includes/plugin.php:503
[18-Nov-2015 15:52:22 Asia/Tokyo] PHP   8. C_NextGEN_Bootstrap->update() /home/ubuntu/workspace/wp-includes/plugin.php:503
[18-Nov-2015 15:52:22 Asia/Tokyo] PHP   9. C_Photocrati_Installer::update() /home/ubuntu/workspace/wp-content/plugins/nextgen-gallery/nggallery.php:537
[18-Nov-2015 15:52:22 Asia/Tokyo] PHP Strict standards:  Only variables should be passed by reference in /home/ubuntu/workspace/wp-content/plugins/nextgen-gallery/non_pope/class.photocrati_installer.php on line 207
[18-Nov-2015 15:52:22 Asia/Tokyo] PHP Stack trace:
[18-Nov-2015 15:52:22 Asia/Tokyo] PHP   1. {main}() /home/ubuntu/workspace/wp-admin/plugins.php:0
[18-Nov-2015 15:52:22 Asia/Tokyo] PHP   2. require_once() /home/ubuntu/workspace/wp-admin/plugins.php:10
[18-Nov-2015 15:52:22 Asia/Tokyo] PHP   3. require_once() /home/ubuntu/workspace/wp-admin/admin.php:31
[18-Nov-2015 15:52:22 Asia/Tokyo] PHP   4. require_once() /home/ubuntu/workspace/wp-load.php:37
[18-Nov-2015 15:52:22 Asia/Tokyo] PHP   5. require_once() /home/ubuntu/workspace/wp-config.php:92
[18-Nov-2015 15:52:22 Asia/Tokyo] PHP   6. do_action() /home/ubuntu/workspace/wp-settings.php:353
[18-Nov-2015 15:52:22 Asia/Tokyo] PHP   7. call_user_func_array:{/home/ubuntu/workspace/wp-includes/plugin.php:503}() /home/ubuntu/workspace/wp-includes/plugin.php:503
[18-Nov-2015 15:52:22 Asia/Tokyo] PHP   8. C_NextGEN_Bootstrap->update() /home/ubuntu/workspace/wp-includes/plugin.php:503
[18-Nov-2015 15:52:22 Asia/Tokyo] PHP   9. C_Photocrati_Installer::update() /home/ubuntu/workspace/wp-content/plugins/nextgen-gallery/nggallery.php:537
[18-Nov-2015 15:52:22 Asia/Tokyo] PHP Strict standards:  Only variables should be passed by reference in /home/ubuntu/workspace/wp-content/plugins/nextgen-gallery/non_pope/class.photocrati_installer.php on line 207
[18-Nov-2015 15:52:22 Asia/Tokyo] PHP Stack trace:
[18-Nov-2015 15:52:22 Asia/Tokyo] PHP   1. {main}() /home/ubuntu/workspace/wp-admin/plugins.php:0
[18-Nov-2015 15:52:22 Asia/Tokyo] PHP   2. require_once() /home/ubuntu/workspace/wp-admin/plugins.php:10
[18-Nov-2015 15:52:22 Asia/Tokyo] PHP   3. require_once() /home/ubuntu/workspace/wp-admin/admin.php:31
[18-Nov-2015 15:52:22 Asia/Tokyo] PHP   4. require_once() /home/ubuntu/workspace/wp-load.php:37
[18-Nov-2015 15:52:22 Asia/Tokyo] PHP   5. require_once() /home/ubuntu/workspace/wp-config.php:92
[18-Nov-2015 15:52:22 Asia/Tokyo] PHP   6. do_action() /home/ubuntu/workspace/wp-settings.php:353
[18-Nov-2015 15:52:22 Asia/Tokyo] PHP   7. call_user_func_array:{/home/ubuntu/workspace/wp-includes/plugin.php:503}() /home/ubuntu/workspace/wp-includes/plugin.php:503
[18-Nov-2015 15:52:22 Asia/Tokyo] PHP   8. C_NextGEN_Bootstrap->update() /home/ubuntu/workspace/wp-includes/plugin.php:503
[18-Nov-2015 15:52:22 Asia/Tokyo] PHP   9. C_Photocrati_Installer::update() /home/ubuntu/workspace/wp-content/plugins/nextgen-gallery/nggallery.php:537
[18-Nov-2015 15:52:22 Asia/Tokyo] PHP Strict standards:  Only variables should be passed by reference in /home/ubuntu/workspace/wp-content/plugins/nextgen-gallery/non_pope/class.photocrati_installer.php on line 207
[18-Nov-2015 15:52:22 Asia/Tokyo] PHP Stack trace:
[18-Nov-2015 15:52:22 Asia/Tokyo] PHP   1. {main}() /home/ubuntu/workspace/wp-admin/plugins.php:0
[18-Nov-2015 15:52:22 Asia/Tokyo] PHP   2. require_once() /home/ubuntu/workspace/wp-admin/plugins.php:10
[18-Nov-2015 15:52:22 Asia/Tokyo] PHP   3. require_once() /home/ubuntu/workspace/wp-admin/admin.php:31
[18-Nov-2015 15:52:22 Asia/Tokyo] PHP   4. require_once() /home/ubuntu/workspace/wp-load.php:37
[18-Nov-2015 15:52:22 Asia/Tokyo] PHP   5. require_once() /home/ubuntu/workspace/wp-config.php:92
[18-Nov-2015 15:52:22 Asia/Tokyo] PHP   6. do_action() /home/ubuntu/workspace/wp-settings.php:353
[18-Nov-2015 15:52:22 Asia/Tokyo] PHP   7. call_user_func_array:{/home/ubuntu/workspace/wp-includes/plugin.php:503}() /home/ubuntu/workspace/wp-includes/plugin.php:503
[18-Nov-2015 15:52:22 Asia/Tokyo] PHP   8. C_NextGEN_Bootstrap->update() /home/ubuntu/workspace/wp-includes/plugin.php:503
[18-Nov-2015 15:52:22 Asia/Tokyo] PHP   9. C_Photocrati_Installer::update() /home/ubuntu/workspace/wp-content/plugins/nextgen-gallery/nggallery.php:537
[18-Nov-2015 15:52:22 Asia/Tokyo] PHP Strict standards:  Only variables should be passed by reference in /home/ubuntu/workspace/wp-content/plugins/nextgen-gallery/non_pope/class.photocrati_installer.php on line 207
[18-Nov-2015 15:52:22 Asia/Tokyo] PHP Stack trace:
[18-Nov-2015 15:52:22 Asia/Tokyo] PHP   1. {main}() /home/ubuntu/workspace/wp-admin/plugins.php:0
[18-Nov-2015 15:52:22 Asia/Tokyo] PHP   2. require_once() /home/ubuntu/workspace/wp-admin/plugins.php:10
[18-Nov-2015 15:52:22 Asia/Tokyo] PHP   3. require_once() /home/ubuntu/workspace/wp-admin/admin.php:31
[18-Nov-2015 15:52:22 Asia/Tokyo] PHP   4. require_once() /home/ubuntu/workspace/wp-load.php:37
[18-Nov-2015 15:52:22 Asia/Tokyo] PHP   5. require_once() /home/ubuntu/workspace/wp-config.php:92
[18-Nov-2015 15:52:22 Asia/Tokyo] PHP   6. do_action() /home/ubuntu/workspace/wp-settings.php:353
[18-Nov-2015 15:52:22 Asia/Tokyo] PHP   7. call_user_func_array:{/home/ubuntu/workspace/wp-includes/plugin.php:503}() /home/ubuntu/workspace/wp-includes/plugin.php:503
[18-Nov-2015 15:52:22 Asia/Tokyo] PHP   8. C_NextGEN_Bootstrap->update() /home/ubuntu/workspace/wp-includes/plugin.php:503
[18-Nov-2015 15:52:22 Asia/Tokyo] PHP   9. C_Photocrati_Installer::update() /home/ubuntu/workspace/wp-content/plugins/nextgen-gallery/nggallery.php:537
[18-Nov-2015 15:52:22 Asia/Tokyo] PHP Strict standards:  Only variables should be passed by reference in /home/ubuntu/workspace/wp-content/plugins/nextgen-gallery/non_pope/class.photocrati_installer.php on line 207
[18-Nov-2015 15:52:22 Asia/Tokyo] PHP Stack trace:
[18-Nov-2015 15:52:22 Asia/Tokyo] PHP   1. {main}() /home/ubuntu/workspace/wp-admin/plugins.php:0
[18-Nov-2015 15:52:22 Asia/Tokyo] PHP   2. require_once() /home/ubuntu/workspace/wp-admin/plugins.php:10
[18-Nov-2015 15:52:22 Asia/Tokyo] PHP   3. require_once() /home/ubuntu/workspace/wp-admin/admin.php:31
[18-Nov-2015 15:52:22 Asia/Tokyo] PHP   4. require_once() /home/ubuntu/workspace/wp-load.php:37
[18-Nov-2015 15:52:22 Asia/Tokyo] PHP   5. require_once() /home/ubuntu/workspace/wp-config.php:92
[18-Nov-2015 15:52:22 Asia/Tokyo] PHP   6. do_action() /home/ubuntu/workspace/wp-settings.php:353
[18-Nov-2015 15:52:22 Asia/Tokyo] PHP   7. call_user_func_array:{/home/ubuntu/workspace/wp-includes/plugin.php:503}() /home/ubuntu/workspace/wp-includes/plugin.php:503
[18-Nov-2015 15:52:22 Asia/Tokyo] PHP   8. C_NextGEN_Bootstrap->update() /home/ubuntu/workspace/wp-includes/plugin.php:503
[18-Nov-2015 15:52:22 Asia/Tokyo] PHP   9. C_Photocrati_Installer::update() /home/ubuntu/workspace/wp-content/plugins/nextgen-gallery/nggallery.php:537
[18-Nov-2015 15:52:22 Asia/Tokyo] PHP Strict standards:  Only variables should be passed by reference in /home/ubuntu/workspace/wp-content/plugins/nextgen-gallery/non_pope/class.photocrati_installer.php on line 207
[18-Nov-2015 15:52:22 Asia/Tokyo] PHP Stack trace:
[18-Nov-2015 15:52:22 Asia/Tokyo] PHP   1. {main}() /home/ubuntu/workspace/wp-admin/plugins.php:0
[18-Nov-2015 15:52:22 Asia/Tokyo] PHP   2. require_once() /home/ubuntu/workspace/wp-admin/plugins.php:10
[18-Nov-2015 15:52:22 Asia/Tokyo] PHP   3. require_once() /home/ubuntu/workspace/wp-admin/admin.php:31
[18-Nov-2015 15:52:22 Asia/Tokyo] PHP   4. require_once() /home/ubuntu/workspace/wp-load.php:37
[18-Nov-2015 15:52:22 Asia/Tokyo] PHP   5. require_once() /home/ubuntu/workspace/wp-config.php:92
[18-Nov-2015 15:52:22 Asia/Tokyo] PHP   6. do_action() /home/ubuntu/workspace/wp-settings.php:353
[18-Nov-2015 15:52:22 Asia/Tokyo] PHP   7. call_user_func_array:{/home/ubuntu/workspace/wp-includes/plugin.php:503}() /home/ubuntu/workspace/wp-includes/plugin.php:503
[18-Nov-2015 15:52:22 Asia/Tokyo] PHP   8. C_NextGEN_Bootstrap->update() /home/ubuntu/workspace/wp-includes/plugin.php:503
[18-Nov-2015 15:52:22 Asia/Tokyo] PHP   9. C_Photocrati_Installer::update() /home/ubuntu/workspace/wp-content/plugins/nextgen-gallery/nggallery.php:537
[18-Nov-2015 15:52:22 Asia/Tokyo] PHP Strict standards:  Only variables should be passed by reference in /home/ubuntu/workspace/wp-content/plugins/nextgen-gallery/non_pope/class.photocrati_installer.php on line 207
[18-Nov-2015 15:52:22 Asia/Tokyo] PHP Stack trace:
[18-Nov-2015 15:52:22 Asia/Tokyo] PHP   1. {main}() /home/ubuntu/workspace/wp-admin/plugins.php:0
[18-Nov-2015 15:52:22 Asia/Tokyo] PHP   2. require_once() /home/ubuntu/workspace/wp-admin/plugins.php:10
[18-Nov-2015 15:52:22 Asia/Tokyo] PHP   3. require_once() /home/ubuntu/workspace/wp-admin/admin.php:31
[18-Nov-2015 15:52:22 Asia/Tokyo] PHP   4. require_once() /home/ubuntu/workspace/wp-load.php:37
[18-Nov-2015 15:52:22 Asia/Tokyo] PHP   5. require_once() /home/ubuntu/workspace/wp-config.php:92
[18-Nov-2015 15:52:22 Asia/Tokyo] PHP   6. do_action() /home/ubuntu/workspace/wp-settings.php:353
[18-Nov-2015 15:52:22 Asia/Tokyo] PHP   7. call_user_func_array:{/home/ubuntu/workspace/wp-includes/plugin.php:503}() /home/ubuntu/workspace/wp-includes/plugin.php:503
[18-Nov-2015 15:52:22 Asia/Tokyo] PHP   8. C_NextGEN_Bootstrap->update() /home/ubuntu/workspace/wp-includes/plugin.php:503
[18-Nov-2015 15:52:22 Asia/Tokyo] PHP   9. C_Photocrati_Installer::update() /home/ubuntu/workspace/wp-content/plugins/nextgen-gallery/nggallery.php:537
[18-Nov-2015 15:52:22 Asia/Tokyo] PHP Strict standards:  Only variables should be passed by reference in /home/ubuntu/workspace/wp-content/plugins/nextgen-gallery/non_pope/class.photocrati_installer.php on line 207
[18-Nov-2015 15:52:22 Asia/Tokyo] PHP Stack trace:
[18-Nov-2015 15:52:22 Asia/Tokyo] PHP   1. {main}() /home/ubuntu/workspace/wp-admin/plugins.php:0
[18-Nov-2015 15:52:22 Asia/Tokyo] PHP   2. require_once() /home/ubuntu/workspace/wp-admin/plugins.php:10
[18-Nov-2015 15:52:22 Asia/Tokyo] PHP   3. require_once() /home/ubuntu/workspace/wp-admin/admin.php:31
[18-Nov-2015 15:52:22 Asia/Tokyo] PHP   4. require_once() /home/ubuntu/workspace/wp-load.php:37
[18-Nov-2015 15:52:22 Asia/Tokyo] PHP   5. require_once() /home/ubuntu/workspace/wp-config.php:92
[18-Nov-2015 15:52:22 Asia/Tokyo] PHP   6. do_action() /home/ubuntu/workspace/wp-settings.php:353
[18-Nov-2015 15:52:22 Asia/Tokyo] PHP   7. call_user_func_array:{/home/ubuntu/workspace/wp-includes/plugin.php:503}() /home/ubuntu/workspace/wp-includes/plugin.php:503
[18-Nov-2015 15:52:22 Asia/Tokyo] PHP   8. C_NextGEN_Bootstrap->update() /home/ubuntu/workspace/wp-includes/plugin.php:503
[18-Nov-2015 15:52:22 Asia/Tokyo] PHP   9. C_Photocrati_Installer::update() /home/ubuntu/workspace/wp-content/plugins/nextgen-gallery/nggallery.php:537
[18-Nov-2015 15:52:23 Asia/Tokyo] PHP Strict standards:  Only variables should be passed by reference in /home/ubuntu/workspace/wp-content/plugins/nextgen-gallery/non_pope/class.photocrati_installer.php on line 207
[18-Nov-2015 15:52:23 Asia/Tokyo] PHP Stack trace:
[18-Nov-2015 15:52:23 Asia/Tokyo] PHP   1. {main}() /home/ubuntu/workspace/wp-admin/plugins.php:0
[18-Nov-2015 15:52:23 Asia/Tokyo] PHP   2. require_once() /home/ubuntu/workspace/wp-admin/plugins.php:10
[18-Nov-2015 15:52:23 Asia/Tokyo] PHP   3. require_once() /home/ubuntu/workspace/wp-admin/admin.php:31
[18-Nov-2015 15:52:23 Asia/Tokyo] PHP   4. require_once() /home/ubuntu/workspace/wp-load.php:37
[18-Nov-2015 15:52:23 Asia/Tokyo] PHP   5. require_once() /home/ubuntu/workspace/wp-config.php:92
[18-Nov-2015 15:52:23 Asia/Tokyo] PHP   6. do_action() /home/ubuntu/workspace/wp-settings.php:353
[18-Nov-2015 15:52:23 Asia/Tokyo] PHP   7. call_user_func_array:{/home/ubuntu/workspace/wp-includes/plugin.php:503}() /home/ubuntu/workspace/wp-includes/plugin.php:503
[18-Nov-2015 15:52:23 Asia/Tokyo] PHP   8. C_NextGEN_Bootstrap->update() /home/ubuntu/workspace/wp-includes/plugin.php:503
[18-Nov-2015 15:52:23 Asia/Tokyo] PHP   9. C_Photocrati_Installer::update() /home/ubuntu/workspace/wp-content/plugins/nextgen-gallery/nggallery.php:537
[18-Nov-2015 15:52:23 Asia/Tokyo] PHP Strict standards:  Only variables should be passed by reference in /home/ubuntu/workspace/wp-content/plugins/nextgen-gallery/non_pope/class.photocrati_installer.php on line 207
[18-Nov-2015 15:52:23 Asia/Tokyo] PHP Stack trace:
[18-Nov-2015 15:52:23 Asia/Tokyo] PHP   1. {main}() /home/ubuntu/workspace/wp-admin/plugins.php:0
[18-Nov-2015 15:52:23 Asia/Tokyo] PHP   2. require_once() /home/ubuntu/workspace/wp-admin/plugins.php:10
[18-Nov-2015 15:52:23 Asia/Tokyo] PHP   3. require_once() /home/ubuntu/workspace/wp-admin/admin.php:31
[18-Nov-2015 15:52:23 Asia/Tokyo] PHP   4. require_once() /home/ubuntu/workspace/wp-load.php:37
[18-Nov-2015 15:52:23 Asia/Tokyo] PHP   5. require_once() /home/ubuntu/workspace/wp-config.php:92
[18-Nov-2015 15:52:23 Asia/Tokyo] PHP   6. do_action() /home/ubuntu/workspace/wp-settings.php:353
[18-Nov-2015 15:52:23 Asia/Tokyo] PHP   7. call_user_func_array:{/home/ubuntu/workspace/wp-includes/plugin.php:503}() /home/ubuntu/workspace/wp-includes/plugin.php:503
[18-Nov-2015 15:52:23 Asia/Tokyo] PHP   8. C_NextGEN_Bootstrap->update() /home/ubuntu/workspace/wp-includes/plugin.php:503
[18-Nov-2015 15:52:23 Asia/Tokyo] PHP   9. C_Photocrati_Installer::update() /home/ubuntu/workspace/wp-content/plugins/nextgen-gallery/nggallery.php:537
[18-Nov-2015 15:52:23 Asia/Tokyo] PHP Strict standards:  Only variables should be passed by reference in /home/ubuntu/workspace/wp-content/plugins/nextgen-gallery/non_pope/class.photocrati_installer.php on line 207
[18-Nov-2015 15:52:23 Asia/Tokyo] PHP Stack trace:
[18-Nov-2015 15:52:23 Asia/Tokyo] PHP   1. {main}() /home/ubuntu/workspace/wp-admin/plugins.php:0
[18-Nov-2015 15:52:23 Asia/Tokyo] PHP   2. require_once() /home/ubuntu/workspace/wp-admin/plugins.php:10
[18-Nov-2015 15:52:23 Asia/Tokyo] PHP   3. require_once() /home/ubuntu/workspace/wp-admin/admin.php:31
[18-Nov-2015 15:52:23 Asia/Tokyo] PHP   4. require_once() /home/ubuntu/workspace/wp-load.php:37
[18-Nov-2015 15:52:23 Asia/Tokyo] PHP   5. require_once() /home/ubuntu/workspace/wp-config.php:92
[18-Nov-2015 15:52:23 Asia/Tokyo] PHP   6. do_action() /home/ubuntu/workspace/wp-settings.php:353
[18-Nov-2015 15:52:23 Asia/Tokyo] PHP   7. call_user_func_array:{/home/ubuntu/workspace/wp-includes/plugin.php:503}() /home/ubuntu/workspace/wp-includes/plugin.php:503
[18-Nov-2015 15:52:23 Asia/Tokyo] PHP   8. C_NextGEN_Bootstrap->update() /home/ubuntu/workspace/wp-includes/plugin.php:503
[18-Nov-2015 15:52:23 Asia/Tokyo] PHP   9. C_Photocrati_Installer::update() /home/ubuntu/workspace/wp-content/plugins/nextgen-gallery/nggallery.php:537
[18-Nov-2015 15:52:23 Asia/Tokyo] PHP Strict standards:  Only variables should be passed by reference in /home/ubuntu/workspace/wp-content/plugins/nextgen-gallery/non_pope/class.photocrati_installer.php on line 207
[18-Nov-2015 15:52:23 Asia/Tokyo] PHP Stack trace:
[18-Nov-2015 15:52:23 Asia/Tokyo] PHP   1. {main}() /home/ubuntu/workspace/wp-admin/plugins.php:0
[18-Nov-2015 15:52:23 Asia/Tokyo] PHP   2. require_once() /home/ubuntu/workspace/wp-admin/plugins.php:10
[18-Nov-2015 15:52:23 Asia/Tokyo] PHP   3. require_once() /home/ubuntu/workspace/wp-admin/admin.php:31
[18-Nov-2015 15:52:23 Asia/Tokyo] PHP   4. require_once() /home/ubuntu/workspace/wp-load.php:37
[18-Nov-2015 15:52:23 Asia/Tokyo] PHP   5. require_once() /home/ubuntu/workspace/wp-config.php:92
[18-Nov-2015 15:52:23 Asia/Tokyo] PHP   6. do_action() /home/ubuntu/workspace/wp-settings.php:353
[18-Nov-2015 15:52:23 Asia/Tokyo] PHP   7. call_user_func_array:{/home/ubuntu/workspace/wp-includes/plugin.php:503}() /home/ubuntu/workspace/wp-includes/plugin.php:503
[18-Nov-2015 15:52:23 Asia/Tokyo] PHP   8. C_NextGEN_Bootstrap->update() /home/ubuntu/workspace/wp-includes/plugin.php:503
[18-Nov-2015 15:52:23 Asia/Tokyo] PHP   9. C_Photocrati_Installer::update() /home/ubuntu/workspace/wp-content/plugins/nextgen-gallery/nggallery.php:537
[18-Nov-2015 15:54:14 Asia/Tokyo] WordPress データベースエラー: Duplicate column name 'updated_at' for query ALTER TABLE `wp_ngg_pictures` ADD COLUMN `updated_at` BIGINT made by do_action('gallery_page_nggallery-manage-gallery'), call_user_func_array, nggAdminPanel->show_menu, nggManageGallery->controller, nggallery_manage_gallery_main, C_Image_Mapper::get_instance, ExtensibleObject->__construct, ReflectionMethod->invokeArgs, C_Image_Mapper->initialize, C_CustomTable_DataMapper_Driver->initialize, C_Image_Mapper->migrate, ExtensibleObject->__call, ExtensibleObject->_exec_cached_method, ReflectionMethod->invokeArgs, C_CustomTable_DataMapper_Driver_Mixin->migrate, C_Image_Mapper->_add_column, ExtensibleObject->__call, ExtensibleObject->_exec_cached_method, ReflectionMethod->invokeArgs, Mixin_NextGen_Table_Extras->_add_column, Mixin->call_parent, ExtensibleObject->call_method, ExtensibleObject->__call, ExtensibleObject->_exec_cached_method, ReflectionMethod->invokeArgs, C_CustomTable_DataMapper_Driver_Mixin->_add_column
[18-Nov-2015 15:54:17 Asia/Tokyo] WordPress データベースエラー: Duplicate column name 'updated_at' for query ALTER TABLE `wp_ngg_pictures` ADD COLUMN `updated_at` BIGINT made by do_action('gallery_page_nggallery-manage-gallery'), call_user_func_array, nggAdminPanel->show_menu, nggManageGallery->controller, nggallery_picturelist, C_Image_Mapper::get_instance, ExtensibleObject->__construct, ReflectionMethod->invokeArgs, C_Image_Mapper->initialize, C_CustomTable_DataMapper_Driver->initialize, C_Image_Mapper->migrate, ExtensibleObject->__call, ExtensibleObject->_exec_cached_method, ReflectionMethod->invokeArgs, C_CustomTable_DataMapper_Driver_Mixin->migrate, C_Image_Mapper->_add_column, ExtensibleObject->__call, ExtensibleObject->_exec_cached_method, ReflectionMethod->invokeArgs, Mixin_NextGen_Table_Extras->_add_column, Mixin->call_parent, ExtensibleObject->call_method, ExtensibleObject->__call, ExtensibleObject->_exec_cached_method, ReflectionMethod->invokeArgs, C_CustomTable_DataMapper_Driver_Mixin->_add_column
[18-Nov-2015 15:54:35 Asia/Tokyo] WordPress データベースエラー: Duplicate column name 'updated_at' for query ALTER TABLE `wp_ngg_pictures` ADD COLUMN `updated_at` BIGINT made by do_action('gallery_page_nggallery-manage-album'), call_user_func_array, nggAdminPanel->show_menu, nggManageAlbum->controller, nggManageAlbum->output, nggManageAlbum->get_available_preview_images, C_Image_Mapper::get_instance, ExtensibleObject->__construct, ReflectionMethod->invokeArgs, C_Image_Mapper->initialize, C_CustomTable_DataMapper_Driver->initialize, C_Image_Mapper->migrate, ExtensibleObject->__call, ExtensibleObject->_exec_cached_method, ReflectionMethod->invokeArgs, C_CustomTable_DataMapper_Driver_Mixin->migrate, C_Image_Mapper->_add_column, ExtensibleObject->__call, ExtensibleObject->_exec_cached_method, ReflectionMethod->invokeArgs, Mixin_NextGen_Table_Extras->_add_column, Mixin->call_parent, ExtensibleObject->call_method, ExtensibleObject->__call, ExtensibleObject->_exec_cached_method, ReflectionMethod->invokeArgs, C_CustomTable_DataMapper_Driver_Mixin->_add_column
